#
# There is insufficient memory for the Java Runtime Environment to continue.
# Native memory allocation (malloc) failed to allocate 1048576 bytes for AllocateHeap
# Possible reasons:
#   The system is out of physical RAM or swap space
#   The process is running with CompressedOops enabled, and the Java Heap may be blocking the growth of the native heap
# Possible solutions:
#   Reduce memory load on the system
#   Increase physical memory or swap space
#   Check if swap backing store is full
#   Decrease Java heap size (-Xmx/-Xms)
#   Decrease number of Java threads
#   Decrease Java thread stack sizes (-Xss)
#   Set larger code cache with -XX:ReservedCodeCacheSize=
#   JVM is running with Unscaled Compressed Oops mode in which the Java heap is
#     placed in the first 4GB address space. The Java Heap base address is the
#     maximum limit for the native heap growth. Please use -XX:HeapBaseMinAddress
#     to set the Java Heap base and to place the Java Heap above 4GB virtual address.
# This output file may be truncated or incomplete.
#
#  Out of Memory Error (allocation.cpp:44), pid=17236, tid=29340
#
# JRE version:  (17.0.9) (build )
# Java VM: OpenJDK 64-Bit Server VM (17.0.9+0--11185874, mixed mode, sharing, tiered, compressed oops, compressed class ptrs, g1 gc, windows-amd64)
# No core dump will be written. Minidumps are not enabled by default on client versions of Windows
#

---------------  S U M M A R Y ------------

Command Line: git4idea.http.GitAskPassApp Username for 'https://github.com': 

Host: 11th Gen Intel(R) Core(TM) i7-1165G7 @ 2.80GHz, 8 cores, 7G,  Windows 11 , 64 bit Build 22621 (10.0.22621.3235)
Time: Mon Mar 18 20:28:13 2024 Pacific Daylight Time elapsed time: 0.035211 seconds (0d 0h 0m 0s)

---------------  T H R E A D  ---------------

Current thread (0x00000263bdd0d950):  JavaThread "Unknown thread" [_thread_in_vm, id=29340, stack(0x0000007c5e300000,0x0000007c5e400000)]

Stack: [0x0000007c5e300000,0x0000007c5e400000]
Native frames: (J=compiled Java code, j=interpreted, Vv=VM code, C=native code)
V  [jvm.dll+0x6886e9]
V  [jvm.dll+0x841e4a]
V  [jvm.dll+0x843a8e]
V  [jvm.dll+0x8440f3]
V  [jvm.dll+0x24c14f]
V  [jvm.dll+0xa6b5b]
V  [jvm.dll+0x2ec017]
V  [jvm.dll+0x2e3cab]
V  [jvm.dll+0x8129f1]
V  [jvm.dll+0x3720c1]
V  [jvm.dll+0x7f152c]
V  [jvm.dll+0x3f5d4f]
V  [jvm.dll+0x3f7981]
C  [jli.dll+0x528f]
C  [ucrtbase.dll+0x29363]
C  [KERNEL32.DLL+0x1257d]
C  [ntdll.dll+0x5aa58]


---------------  P R O C E S S  ---------------

Threads class SMR info:
_java_thread_list=0x00007ffb1d94ef18, length=0, elements={
}

Java Threads: ( => current thread )

Other Threads:
  0x00000263bdd66ea0 GCTaskThread "GC Thread#0" [stack: 0x0000007c5e400000,0x0000007c5e500000] [id=26468]

[error occurred during error reporting (printing all threads), id 0xc0000005, EXCEPTION_ACCESS_VIOLATION (0xc0000005) at pc=0x00007ffb1d100f60]

VM state: not at safepoint (not fully initialized)

VM Mutex/Monitor currently owned by a thread:  ([mutex/lock_event])
[0x00000263bdd09990] Heap_lock - owner thread: 0x00000263bdd0d950

Heap address: 0x0000000084400000, size: 1980 MB, Compressed Oops mode: 32-bit

CDS archive(s) mapped at: [0x0000000000000000-0x0000000000000000-0x0000000000000000), size 0, SharedBaseAddress: 0x0000000800000000, ArchiveRelocationMode: 1.
Narrow klass base: 0x0000000000000000, Narrow klass shift: 0, Narrow klass range: 0x0

GC Precious Log:
<Empty>

Heap:
 garbage-first heap   total 0K, used 0K [0x0000000084400000, 0x0000000100000000)
  region size 1024K, 0 young (0K), 0 survivors (0K)
 Metaspace       used 0K, committed 0K, reserved 0K
  class space    used 0K, committed 0K, reserved 0K

Heap Regions: E=young(eden), S=young(survivor), O=old, HS=humongous(starts), HC=humongous(continues), CS=collection set, F=free, OA=open archive, CA=closed archive, TAMS=top-at-mark-start (previous, next)

Card table byte_map: [0x00000263d2800000,0x00000263d2be0000] _byte_map_base: 0x00000263d23de000

GC Heap History (0 events):
No events

Dll operation events (1 events):
Event: 0.023 Loaded shared library C:\Program Files\Android\Android Studio1\jbr\bin\java.dll

Deoptimization events (0 events):
No events

Classes unloaded (0 events):
No events

Classes redefined (0 events):
No events

Internal exceptions (0 events):
No events

VM Operations (0 events):
No events

Events (0 events):
No events


Dynamic libraries:
0x00007ff6b3840000 - 0x00007ff6b384a000 	C:\Program Files\Android\Android Studio1\jbr\bin\java.exe
0x00007ffbf2290000 - 0x00007ffbf24a6000 	C:\WINDOWS\SYSTEM32\ntdll.dll
0x00007ffbf0840000 - 0x00007ffbf0904000 	C:\WINDOWS\System32\KERNEL32.DLL
0x00007ffbef9d0000 - 0x00007ffbefd76000 	C:\WINDOWS\System32\KERNELBASE.dll
0x00007ffbef5d0000 - 0x00007ffbef6e1000 	C:\WINDOWS\System32\ucrtbase.dll
0x00007ffbb3d50000 - 0x00007ffbb3d67000 	C:\Program Files\Android\Android Studio1\jbr\bin\jli.dll
0x00007ffbd4c00000 - 0x00007ffbd4c1b000 	C:\Program Files\Android\Android Studio1\jbr\bin\VCRUNTIME140.dll
0x00007ffbf1cc0000 - 0x00007ffbf1e6d000 	C:\WINDOWS\System32\USER32.dll
0x00007ffbef6f0000 - 0x00007ffbef716000 	C:\WINDOWS\System32\win32u.dll
0x00007ffbf1c90000 - 0x00007ffbf1cb9000 	C:\WINDOWS\System32\GDI32.dll
0x00007ffbcbc10000 - 0x00007ffbcbea3000 	C:\WINDOWS\WinSxS\amd64_microsoft.windows.common-controls_6595b64144ccf1df_6.0.22621.3235_none_270f74e173860f98\COMCTL32.dll
0x00007ffbef8b0000 - 0x00007ffbef9c8000 	C:\WINDOWS\System32\gdi32full.dll
0x00007ffbf20c0000 - 0x00007ffbf2167000 	C:\WINDOWS\System32\msvcrt.dll
0x00007ffbef720000 - 0x00007ffbef7ba000 	C:\WINDOWS\System32\msvcp_win.dll
0x00007ffbf0c70000 - 0x00007ffbf0ca1000 	C:\WINDOWS\System32\IMM32.DLL
0x00007ffbe32d0000 - 0x00007ffbe32dc000 	C:\Program Files\Android\Android Studio1\jbr\bin\vcruntime140_1.dll
0x00007ffbc3cc0000 - 0x00007ffbc3d4d000 	C:\Program Files\Android\Android Studio1\jbr\bin\msvcp140.dll
0x00007ffb1ce10000 - 0x00007ffb1da93000 	C:\Program Files\Android\Android Studio1\jbr\bin\server\jvm.dll
0x00007ffbf2190000 - 0x00007ffbf2242000 	C:\WINDOWS\System32\ADVAPI32.dll
0x00007ffbf0b40000 - 0x00007ffbf0be8000 	C:\WINDOWS\System32\sechost.dll
0x00007ffbefd80000 - 0x00007ffbefda8000 	C:\WINDOWS\System32\bcrypt.dll
0x00007ffbf1b70000 - 0x00007ffbf1c85000 	C:\WINDOWS\System32\RPCRT4.dll
0x00007ffbe4c70000 - 0x00007ffbe4c7a000 	C:\WINDOWS\SYSTEM32\VERSION.dll
0x00007ffbee460000 - 0x00007ffbee4ad000 	C:\WINDOWS\SYSTEM32\POWRPROF.dll
0x00007ffbd1330000 - 0x00007ffbd1339000 	C:\WINDOWS\SYSTEM32\WSOCK32.dll
0x00007ffbf0bf0000 - 0x00007ffbf0c61000 	C:\WINDOWS\System32\WS2_32.dll
0x00007ffbe9dd0000 - 0x00007ffbe9e04000 	C:\WINDOWS\SYSTEM32\WINMM.dll
0x00007ffbee440000 - 0x00007ffbee453000 	C:\WINDOWS\SYSTEM32\UMPDC.dll
0x00007ffbee700000 - 0x00007ffbee718000 	C:\WINDOWS\SYSTEM32\kernel.appcore.dll
0x00007ffbcf080000 - 0x00007ffbcf08a000 	C:\Program Files\Android\Android Studio1\jbr\bin\jimage.dll
0x00007ffbecec0000 - 0x00007ffbed0f3000 	C:\WINDOWS\SYSTEM32\DBGHELP.DLL
0x00007ffbf0f50000 - 0x00007ffbf12d8000 	C:\WINDOWS\System32\combase.dll
0x00007ffbf1e70000 - 0x00007ffbf1f47000 	C:\WINDOWS\System32\OLEAUT32.dll
0x00007ffbe9d90000 - 0x00007ffbe9dc2000 	C:\WINDOWS\SYSTEM32\dbgcore.DLL
0x00007ffbef830000 - 0x00007ffbef8aa000 	C:\WINDOWS\System32\bcryptPrimitives.dll
0x00007ffbb2c00000 - 0x00007ffbb2c25000 	C:\Program Files\Android\Android Studio1\jbr\bin\java.dll

dbghelp: loaded successfully - version: 4.0.5 - missing functions: none
symbol engine: initialized successfully - sym options: 0x614 - pdb path: .;C:\Program Files\Android\Android Studio1\jbr\bin;C:\WINDOWS\SYSTEM32;C:\WINDOWS\WinSxS\amd64_microsoft.windows.common-controls_6595b64144ccf1df_6.0.22621.3235_none_270f74e173860f98;C:\Program Files\Android\Android Studio1\jbr\bin\server

VM Arguments:
java_command: git4idea.http.GitAskPassApp Username for 'https://github.com': 
java_class_path (initial): C:/Program Files/Android/Android Studio1/plugins/vcs-git/lib/git4idea-rt.jar;C:/Program Files/Android/Android Studio1/lib/externalProcess-rt.jar
Launcher Type: SUN_STANDARD

[Global flags]
     intx CICompilerCount                          = 4                                         {product} {ergonomic}
     uint ConcGCThreads                            = 2                                         {product} {ergonomic}
     uint G1ConcRefinementThreads                  = 8                                         {product} {ergonomic}
   size_t G1HeapRegionSize                         = 1048576                                   {product} {ergonomic}
    uintx GCDrainStackTargetSize                   = 64                                        {product} {ergonomic}
   size_t InitialHeapSize                          = 130023424                                 {product} {ergonomic}
   size_t MarkStackSize                            = 4194304                                   {product} {ergonomic}
   size_t MaxHeapSize                              = 2076180480                                {product} {ergonomic}
   size_t MinHeapDeltaBytes                        = 1048576                                   {product} {ergonomic}
   size_t MinHeapSize                              = 8388608                                   {product} {ergonomic}
    uintx NonNMethodCodeHeapSize                   = 5839372                                {pd product} {ergonomic}
    uintx NonProfiledCodeHeapSize                  = 122909434                              {pd product} {ergonomic}
    uintx ProfiledCodeHeapSize                     = 122909434                              {pd product} {ergonomic}
    uintx ReservedCodeCacheSize                    = 251658240                              {pd product} {ergonomic}
     bool SegmentedCodeCache                       = true                                      {product} {ergonomic}
   size_t SoftMaxHeapSize                          = 2076180480                             {manageable} {ergonomic}
     bool UseCompressedClassPointers               = true                           {product lp64_product} {ergonomic}
     bool UseCompressedOops                        = true                           {product lp64_product} {ergonomic}
     bool UseG1GC                                  = true                                      {product} {ergonomic}
     bool UseLargePagesIndividualAllocation        = false                                  {pd product} {ergonomic}

Logging:
Log output configuration:
 #0: stdout all=warning uptime,level,tags
 #1: stderr all=off uptime,level,tags

Environment Variables:
PATH=C:/Program Files/Git/mingw64/libexec/git-core;C:/Program Files/Git/mingw64/libexec/git-core;C:\Program Files\Git\mingw64\bin;C:\Program Files\Git\usr\bin;C:\Users\ivanh\bin;C:\Python312\Scripts\;C:\Python312\;C:\Program Files\Eclipse Adoptium\jdk-17.0.8.101-hotspot\bin;C:\Users\a610580\AppData\Local\Programs\Python\Python35-32;C:\Program Files\Common Files\Oracle\Java\javapath;C:\WINDOWS\system32;C:\WINDOWS;C:\WINDOWS\System32\Wbem;C:\WINDOWS\System32\WindowsPowerShell\v1.0\;C:\WINDOWS\System32\OpenSSH\;C:\Program Files\dotnet\;C:\Program Files\Microsoft SQL Server\Client SDK\ODBC\170\Tools\Binn\;C:\Program Files (x86)\Microsoft SQL Server\150\Tools\Binn\;C:\Program Files\Microsoft SQL Server\150\Tools\Binn\;C:\Program Files\Microsoft SQL Server\150\DTS\Binn\;C:\Program Files (x86)\Windows Kits\8.1\Windows Performance Toolkit\;C:\Program Files\nodejs\;C:\ProgramData\chocolatey\bin;C:\Program Files\Git\bin;C:\src\flutter\bin;C:\Users\ivanh\AppData\Local\Microsoft\WindowsApps;C:\Users\ivanh\AppData\Local\Programs\Microsoft VS Code\bin;C:\Users\ivanh\AppData\Local\GitHubDesktop\bin;C:\Users\ivanh\AppData\Roaming\npm
USERNAME=ivanh
DISPLAY=:0.0
LC_ALL=en_US.UTF-8
TERM=xterm-256color
TMPDIR=C:\Users\ivanh\AppData\Local\Temp
OS=Windows_NT
PROCESSOR_IDENTIFIER=Intel64 Family 6 Model 140 Stepping 1, GenuineIntel
TMP=C:\Users\ivanh\AppData\Local\Temp
TEMP=C:\Users\ivanh\AppData\Local\Temp



Periodic native trim disabled

JNI global refs:
JNI global refs: 0, weak refs: 0

JNI global refs memory usage: 0, weak refs: 0

OOME stack traces (most recent first):
Classloader memory used:


---------------  S Y S T E M  ---------------

OS:
 Windows 11 , 64 bit Build 22621 (10.0.22621.3235)
OS uptime: 3 days 14:21 hours

CPU: total 8 (initial active 8) (4 cores per cpu, 2 threads per core) family 6 model 140 stepping 1 microcode 0xb4, cx8, cmov, fxsr, ht, mmx, 3dnowpref, sse, sse2, sse3, ssse3, sse4.1, sse4.2, popcnt, lzcnt, tsc, tscinvbit, avx, avx2, aes, erms, clmul, bmi1, bmi2, adx, avx512f, avx512dq, avx512cd, avx512bw, avx512vl, sha, fma, vzeroupper, avx512_vpopcntdq, avx512_vpclmulqdq, avx512_vaes, avx512_vnni, clflush, clflushopt, clwb, avx512_vbmi2, avx512_vbmi
Processor Information for all 8 processors :
  Max Mhz: 1690, Current Mhz: 1690, Mhz Limit: 1690

Memory: 4k page, system-wide physical 7914M (982M free)
TotalPageFile size 32490M (AvailPageFile size 5M)
current process WorkingSet (physical memory assigned to process): 10M, peak: 10M
current process commit charge ("private bytes"): 58M, peak: 59M

vm_info: OpenJDK 64-Bit Server VM (17.0.9+0--11185874) for windows-amd64 JRE (17.0.9+0--11185874), built on Dec  6 2023 18:57:44 by "androidbuild" with MS VC++ 16.10 / 16.11 (VS2019)

END.
